<?xml version="1.0" encoding="UTF-8"?>
<testsuite name="wordgame.WordGameTest" tests="6" skipped="0" failures="0" errors="0" timestamp="2023-03-14T02:10:02" hostname="Amars-MBP" time="0.006">
  <properties/>
  <testcase name="checkGuessedNonCaseSensitiveAssertTrue" classname="wordgame.WordGameTest" time="0.004"/>
  <testcase name="checkGuessedAssertFalse" classname="wordgame.WordGameTest" time="0.0"/>
  <testcase name="checkGuessedCaseSensitiveAssertTrue" classname="wordgame.WordGameTest" time="0.0"/>
  <testcase name="getGuessedLettersReturnsArrayListTest" classname="wordgame.WordGameTest" time="0.0"/>
  <testcase name="getGuessedLettersTest" classname="wordgame.WordGameTest" time="0.0"/>
  <testcase name="addingLettersTest" classname="wordgame.WordGameTest" time="0.0"/>
  <system-out><![CDATA[]]></system-out>
  <system-err><![CDATA[]]></system-err>
</testsuite>
